<?xml version='1.1' encoding='UTF-8'?>
<result plugin="junit@1.28">
  <suites>
    <suite>
      <file>/var/jenkins_home/jobs/pipeline-script-from-scm/workspace/target/surefire-reports/TEST-ken.kata.techtest.BerlinClockLoadTest.xml</file>
      <name>ken.kata.techtest.BerlinClockLoadTest</name>
      <duration>0.116</duration>
      <time>0.116</time>
      <nodeId>39</nodeId>
      <enclosingBlocks>
        <string>23</string>
      </enclosingBlocks>
      <enclosingBlockNames>
        <string>install and sonar parallel</string>
      </enclosingBlockNames>
      <cases>
        <case>
          <duration>0.116</duration>
          <className>ken.kata.techtest.BerlinClockLoadTest</className>
          <testName>loadTest</testName>
          <skipped>false</skipped>
          <failedSince>0</failedSince>
        </case>
      </cases>
    </suite>
    <suite>
      <file>/var/jenkins_home/jobs/pipeline-script-from-scm/workspace/target/surefire-reports/TEST-ken.kata.techtest.BerlinClockUTest.xml</file>
      <name>ken.kata.techtest.BerlinClockUTest</name>
      <duration>0.009</duration>
      <time>0.009</time>
      <nodeId>39</nodeId>
      <enclosingBlocks>
        <string>23</string>
      </enclosingBlocks>
      <enclosingBlockNames>
        <string>install and sonar parallel</string>
      </enclosingBlockNames>
      <cases>
        <case>
          <duration>0.001</duration>
          <className>ken.kata.techtest.BerlinClockUTest</className>
          <testName>nullTest</testName>
          <skipped>false</skipped>
          <failedSince>0</failedSince>
        </case>
        <case>
          <duration>0.002</duration>
          <className>ken.kata.techtest.BerlinClockUTest</className>
          <testName>[0] Tuple2 (testDisplayTime)</testName>
          <skipped>false</skipped>
          <failedSince>0</failedSince>
        </case>
        <case>
          <duration>0.002</duration>
          <className>ken.kata.techtest.BerlinClockUTest</className>
          <testName>[1] Tuple2 (testDisplayTime)</testName>
          <skipped>false</skipped>
          <failedSince>0</failedSince>
        </case>
        <case>
          <duration>0.001</duration>
          <className>ken.kata.techtest.BerlinClockUTest</className>
          <testName>[2] Tuple2 (testDisplayTime)</testName>
          <skipped>false</skipped>
          <failedSince>0</failedSince>
        </case>
        <case>
          <duration>0.0</duration>
          <className>ken.kata.techtest.BerlinClockUTest</className>
          <testName>[3] Tuple2 (testDisplayTime)</testName>
          <skipped>false</skipped>
          <failedSince>0</failedSince>
        </case>
        <case>
          <duration>0.001</duration>
          <className>ken.kata.techtest.BerlinClockUTest</className>
          <testName>[4] Tuple2 (testDisplayTime)</testName>
          <skipped>false</skipped>
          <failedSince>0</failedSince>
        </case>
        <case>
          <duration>0.001</duration>
          <className>ken.kata.techtest.BerlinClockUTest</className>
          <testName>[5] Tuple2 (testDisplayTime)</testName>
          <skipped>false</skipped>
          <failedSince>0</failedSince>
        </case>
        <case>
          <duration>0.001</duration>
          <className>ken.kata.techtest.BerlinClockUTest</className>
          <testName>[6] Tuple2 (testDisplayTime)</testName>
          <skipped>false</skipped>
          <failedSince>0</failedSince>
        </case>
      </cases>
    </suite>
    <suite>
      <file>/var/jenkins_home/jobs/pipeline-script-from-scm/workspace/target/surefire-reports/TEST-ken.kata.techtest.clock.HoursTest.xml</file>
      <name>ken.kata.techtest.clock.HoursTest</name>
      <duration>0.003</duration>
      <time>0.003</time>
      <nodeId>39</nodeId>
      <enclosingBlocks>
        <string>23</string>
      </enclosingBlocks>
      <enclosingBlockNames>
        <string>install and sonar parallel</string>
      </enclosingBlockNames>
      <cases>
        <case>
          <duration>0.0</duration>
          <className>ken.kata.techtest.clock.HoursTest</className>
          <testName>ten</testName>
          <skipped>false</skipped>
          <failedSince>0</failedSince>
        </case>
        <case>
          <duration>0.0</duration>
          <className>ken.kata.techtest.clock.HoursTest</className>
          <testName>allHoursOn</testName>
          <skipped>false</skipped>
          <failedSince>0</failedSince>
        </case>
        <case>
          <duration>0.0</duration>
          <className>ken.kata.techtest.clock.HoursTest</className>
          <testName>last4HoursOn</testName>
          <skipped>false</skipped>
          <failedSince>0</failedSince>
        </case>
        <case>
          <duration>0.0</duration>
          <className>ken.kata.techtest.clock.HoursTest</className>
          <testName>last1AndFirst1HoursOn</testName>
          <skipped>false</skipped>
          <failedSince>0</failedSince>
        </case>
        <case>
          <duration>0.003</duration>
          <className>ken.kata.techtest.clock.HoursTest</className>
          <testName>hoursIllegal</testName>
          <skipped>false</skipped>
          <failedSince>0</failedSince>
        </case>
      </cases>
    </suite>
    <suite>
      <file>/var/jenkins_home/jobs/pipeline-script-from-scm/workspace/target/surefire-reports/TEST-ken.kata.techtest.clock.HoursTimeUnitBottomPartTest.xml</file>
      <name>ken.kata.techtest.clock.HoursTimeUnitBottomPartTest</name>
      <duration>0.005</duration>
      <time>0.005</time>
      <nodeId>39</nodeId>
      <enclosingBlocks>
        <string>23</string>
      </enclosingBlocks>
      <enclosingBlockNames>
        <string>install and sonar parallel</string>
      </enclosingBlockNames>
      <cases>
        <case>
          <duration>0.004</duration>
          <className>ken.kata.techtest.clock.HoursTimeUnitBottomPartTest</className>
          <testName>testWhen2FirstOn</testName>
          <skipped>false</skipped>
          <failedSince>0</failedSince>
        </case>
        <case>
          <duration>0.001</duration>
          <className>ken.kata.techtest.clock.HoursTimeUnitBottomPartTest</className>
          <testName>testWhenAllOn</testName>
          <skipped>false</skipped>
          <failedSince>0</failedSince>
        </case>
        <case>
          <duration>0.0</duration>
          <className>ken.kata.techtest.clock.HoursTimeUnitBottomPartTest</className>
          <testName>testWhenOff</testName>
          <skipped>false</skipped>
          <failedSince>0</failedSince>
        </case>
      </cases>
    </suite>
    <suite>
      <file>/var/jenkins_home/jobs/pipeline-script-from-scm/workspace/target/surefire-reports/TEST-ken.kata.techtest.clock.HoursTimeUnitTopPartTest.xml</file>
      <name>ken.kata.techtest.clock.HoursTimeUnitTopPartTest</name>
      <duration>0.006</duration>
      <time>0.006</time>
      <nodeId>39</nodeId>
      <enclosingBlocks>
        <string>23</string>
      </enclosingBlocks>
      <enclosingBlockNames>
        <string>install and sonar parallel</string>
      </enclosingBlockNames>
      <cases>
        <case>
          <duration>0.0</duration>
          <className>ken.kata.techtest.clock.HoursTimeUnitTopPartTest</className>
          <testName>testWhen2FirstOn</testName>
          <skipped>false</skipped>
          <failedSince>0</failedSince>
        </case>
        <case>
          <duration>0.003</duration>
          <className>ken.kata.techtest.clock.HoursTimeUnitTopPartTest</className>
          <testName>testWhenAllOn</testName>
          <skipped>false</skipped>
          <failedSince>0</failedSince>
        </case>
        <case>
          <duration>0.003</duration>
          <className>ken.kata.techtest.clock.HoursTimeUnitTopPartTest</className>
          <testName>testWhenOff</testName>
          <skipped>false</skipped>
          <failedSince>0</failedSince>
        </case>
      </cases>
    </suite>
    <suite>
      <file>/var/jenkins_home/jobs/pipeline-script-from-scm/workspace/target/surefire-reports/TEST-ken.kata.techtest.clock.MinutesTest.xml</file>
      <name>ken.kata.techtest.clock.MinutesTest</name>
      <duration>0.003</duration>
      <time>0.003</time>
      <nodeId>39</nodeId>
      <enclosingBlocks>
        <string>23</string>
      </enclosingBlocks>
      <enclosingBlockNames>
        <string>install and sonar parallel</string>
      </enclosingBlockNames>
      <cases>
        <case>
          <duration>0.0</duration>
          <className>ken.kata.techtest.clock.MinutesTest</className>
          <testName>allMinutesOn</testName>
          <skipped>false</skipped>
          <failedSince>0</failedSince>
        </case>
        <case>
          <duration>0.0</duration>
          <className>ken.kata.techtest.clock.MinutesTest</className>
          <testName>bottomOn</testName>
          <skipped>false</skipped>
          <failedSince>0</failedSince>
        </case>
        <case>
          <duration>0.001</duration>
          <className>ken.kata.techtest.clock.MinutesTest</className>
          <testName>TopFirst1AndBottomFirst1On</testName>
          <skipped>false</skipped>
          <failedSince>0</failedSince>
        </case>
        <case>
          <duration>0.001</duration>
          <className>ken.kata.techtest.clock.MinutesTest</className>
          <testName>dfs</testName>
          <skipped>false</skipped>
          <failedSince>0</failedSince>
        </case>
        <case>
          <duration>0.001</duration>
          <className>ken.kata.techtest.clock.MinutesTest</className>
          <testName>minutesIllegal</testName>
          <skipped>false</skipped>
          <failedSince>0</failedSince>
        </case>
      </cases>
    </suite>
    <suite>
      <file>/var/jenkins_home/jobs/pipeline-script-from-scm/workspace/target/surefire-reports/TEST-ken.kata.techtest.clock.MinutesTimeUnitBottomPartTest.xml</file>
      <name>ken.kata.techtest.clock.MinutesTimeUnitBottomPartTest</name>
      <duration>0.0</duration>
      <time>0</time>
      <nodeId>39</nodeId>
      <enclosingBlocks>
        <string>23</string>
      </enclosingBlocks>
      <enclosingBlockNames>
        <string>install and sonar parallel</string>
      </enclosingBlockNames>
      <cases>
        <case>
          <duration>0.0</duration>
          <className>ken.kata.techtest.clock.MinutesTimeUnitBottomPartTest</className>
          <testName>testWhenOffWithZero</testName>
          <skipped>false</skipped>
          <failedSince>0</failedSince>
        </case>
        <case>
          <duration>0.0</duration>
          <className>ken.kata.techtest.clock.MinutesTimeUnitBottomPartTest</className>
          <testName>testWhenOffWithNonZero</testName>
          <skipped>false</skipped>
          <failedSince>0</failedSince>
        </case>
        <case>
          <duration>0.0</duration>
          <className>ken.kata.techtest.clock.MinutesTimeUnitBottomPartTest</className>
          <testName>testWhen2FirstOn</testName>
          <skipped>false</skipped>
          <failedSince>0</failedSince>
        </case>
        <case>
          <duration>0.0</duration>
          <className>ken.kata.techtest.clock.MinutesTimeUnitBottomPartTest</className>
          <testName>testWhenAllOn</testName>
          <skipped>false</skipped>
          <failedSince>0</failedSince>
        </case>
      </cases>
    </suite>
    <suite>
      <file>/var/jenkins_home/jobs/pipeline-script-from-scm/workspace/target/surefire-reports/TEST-ken.kata.techtest.clock.MinutesTimeUnitTopPartTest.xml</file>
      <name>ken.kata.techtest.clock.MinutesTimeUnitTopPartTest</name>
      <duration>0.009</duration>
      <time>0.009</time>
      <nodeId>39</nodeId>
      <enclosingBlocks>
        <string>23</string>
      </enclosingBlocks>
      <enclosingBlockNames>
        <string>install and sonar parallel</string>
      </enclosingBlockNames>
      <cases>
        <case>
          <duration>0.0</duration>
          <className>ken.kata.techtest.clock.MinutesTimeUnitTopPartTest</className>
          <testName>testWhen3FirstOn</testName>
          <skipped>false</skipped>
          <failedSince>0</failedSince>
        </case>
        <case>
          <duration>0.0</duration>
          <className>ken.kata.techtest.clock.MinutesTimeUnitTopPartTest</className>
          <testName>testWhenOffWitNonZero</testName>
          <skipped>false</skipped>
          <failedSince>0</failedSince>
        </case>
        <case>
          <duration>0.008</duration>
          <className>ken.kata.techtest.clock.MinutesTimeUnitTopPartTest</className>
          <testName>testWhenOffWithZero</testName>
          <skipped>false</skipped>
          <failedSince>0</failedSince>
        </case>
        <case>
          <duration>0.001</duration>
          <className>ken.kata.techtest.clock.MinutesTimeUnitTopPartTest</className>
          <testName>testWhenAllOn</testName>
          <skipped>false</skipped>
          <failedSince>0</failedSince>
        </case>
      </cases>
    </suite>
    <suite>
      <file>/var/jenkins_home/jobs/pipeline-script-from-scm/workspace/target/surefire-reports/TEST-ken.kata.techtest.clock.SecondsTest.xml</file>
      <name>ken.kata.techtest.clock.SecondsTest</name>
      <duration>0.001</duration>
      <time>0.001</time>
      <nodeId>39</nodeId>
      <enclosingBlocks>
        <string>23</string>
      </enclosingBlocks>
      <enclosingBlockNames>
        <string>install and sonar parallel</string>
      </enclosingBlockNames>
      <cases>
        <case>
          <duration>0.0</duration>
          <className>ken.kata.techtest.clock.SecondsTest</className>
          <testName>secondsOn</testName>
          <skipped>false</skipped>
          <failedSince>0</failedSince>
        </case>
        <case>
          <duration>0.0</duration>
          <className>ken.kata.techtest.clock.SecondsTest</className>
          <testName>secondsOff</testName>
          <skipped>false</skipped>
          <failedSince>0</failedSince>
        </case>
        <case>
          <duration>0.001</duration>
          <className>ken.kata.techtest.clock.SecondsTest</className>
          <testName>secondsIllegal</testName>
          <skipped>false</skipped>
          <failedSince>0</failedSince>
        </case>
      </cases>
    </suite>
    <suite>
      <file>/var/jenkins_home/jobs/pipeline-script-from-scm/workspace/target/surefire-reports/TEST-ken.kata.techtest.clock.SecondsTimeUnitPartTest.xml</file>
      <name>ken.kata.techtest.clock.SecondsTimeUnitPartTest</name>
      <duration>0.0</duration>
      <time>0</time>
      <nodeId>39</nodeId>
      <enclosingBlocks>
        <string>23</string>
      </enclosingBlocks>
      <enclosingBlockNames>
        <string>install and sonar parallel</string>
      </enclosingBlockNames>
      <cases>
        <case>
          <duration>0.0</duration>
          <className>ken.kata.techtest.clock.SecondsTimeUnitPartTest</className>
          <testName>testWhenSwitchedOn</testName>
          <skipped>false</skipped>
          <failedSince>0</failedSince>
        </case>
        <case>
          <duration>0.0</duration>
          <className>ken.kata.techtest.clock.SecondsTimeUnitPartTest</className>
          <testName>testWhenSwitchedOff</testName>
          <skipped>false</skipped>
          <failedSince>0</failedSince>
        </case>
      </cases>
    </suite>
    <suite>
      <file>/var/jenkins_home/jobs/pipeline-script-from-scm/workspace/target/surefire-reports/TEST-ken.kata.techtest.parser.BerlinClockParserTest.xml</file>
      <name>ken.kata.techtest.parser.BerlinClockParserTest</name>
      <duration>0.547</duration>
      <time>0.547</time>
      <nodeId>39</nodeId>
      <enclosingBlocks>
        <string>23</string>
      </enclosingBlocks>
      <enclosingBlockNames>
        <string>install and sonar parallel</string>
      </enclosingBlockNames>
      <cases>
        <case>
          <duration>0.41</duration>
          <className>ken.kata.techtest.parser.BerlinClockParserTest</className>
          <testName>testParseOk</testName>
          <skipped>false</skipped>
          <failedSince>0</failedSince>
        </case>
        <case>
          <duration>0.137</duration>
          <className>ken.kata.techtest.parser.BerlinClockParserTest</className>
          <testName>testParseWrongFormat</testName>
          <skipped>false</skipped>
          <failedSince>0</failedSince>
        </case>
      </cases>
    </suite>
  </suites>
  <duration>0.699</duration>
  <keepLongStdio>false</keepLongStdio>
</result>